<?xml version="1.0" encoding="UTF-8"?>
<!-- Generated by org.testng.reporters.JUnitReportReporter -->
<testsuite hostname="DESKTOP-ENMN2A8" failures="0" tests="4" name="com.infy.selenium.crossbrowsertesting.HeadlessBrowserBasicsTest" time="31.753" errors="0" timestamp="14 Oct 2022 09:04:04 GMT" skipped="0">
  <testcase classname="com.infy.selenium.crossbrowsertesting.HeadlessBrowserBasicsTest" name="chromeBrowser" time="8.212"/>
  <testcase classname="com.infy.selenium.crossbrowsertesting.HeadlessBrowserBasicsTest" name="chromeBrowser" time="7.932"/>
  <testcase classname="com.infy.selenium.crossbrowsertesting.HeadlessBrowserBasicsTest" name="chromeBrowserHeadless" time="7.839"/>
  <testcase classname="com.infy.selenium.crossbrowsertesting.HeadlessBrowserBasicsTest" name="chromeBrowserHeadless" time="7.770"/>
</testsuite> <!-- com.infy.selenium.crossbrowsertesting.HeadlessBrowserBasicsTest -->
