<?xml version="1.0" encoding="UTF-8"?>
<!-- Generated by org.testng.reporters.JUnitReportReporter -->
<testsuite hostname="DESKTOP-ENMN2A8" failures="0" tests="2" name="com.infy.selenium.crossbrowsertesting.CrossBrowserBasicsTest" time="15.594" errors="0" timestamp="22 Oct 2022 06:19:16 GMT" skipped="0">
  <testcase classname="com.infy.selenium.crossbrowsertesting.CrossBrowserBasicsTest" name="edgeBrowser" time="7.387"/>
  <testcase classname="com.infy.selenium.crossbrowsertesting.CrossBrowserBasicsTest" name="chromeBrowser" time="8.207"/>
</testsuite> <!-- com.infy.selenium.crossbrowsertesting.CrossBrowserBasicsTest -->
